Using pre-set license
Built from '2020.3/staging' branch; Version is '2020.3.20f1 (41c4e627c95f) revision 4310246'; Using compiler version '192528614'; Build Type 'Release'
OS: 'Windows 10 Home; OS build 18363.1556; Version 1909; 64bit' Language: 'en' Physical Memory: 16196 MB
BatchMode: 1, IsHumanControllingUs: 0, StartBugReporterOnCrash: 0, Is64bit: 1, IsPro: 0

COMMAND LINE ARGUMENTS:
D:\Programs\Unity\2020.3.20f1\Editor\Unity.exe
-adb2
-batchMode
-noUpm
-name
AssetImportWorker0
-projectPath
F:/UnityProjets/Comètes/Version 1/Comets/Comets
-logFile
Logs/AssetImportWorker0.log
-srvPort
53677
Successfully changed project path to: F:/UnityProjets/Comètes/Version 1/Comets/Comets
F:/UnityProjets/Comètes/Version 1/Comets/Comets
Using Asset Import Pipeline V2.
Refreshing native plugins compatible for Editor in 43.60 ms, found 5 plugins.
Preloading 1 native plugins for Editor in 0.87 ms.
Initialize engine version: 2020.3.20f1 (41c4e627c95f)
[Subsystems] Discovering subsystems at path D:/Programs/Unity/2020.3.20f1/Editor/Data/Resources/UnitySubsystems
[Subsystems] Discovering subsystems at path F:/UnityProjets/Comètes/Version 1/Comets/Comets/Assets
GfxDevice: creating device client; threaded=0
Direct3D:
    Version:  Direct3D 11.0 [level 11.1]
    Renderer: NVIDIA GeForce RTX 2060 (ID=0x1f11)
    Vendor:   
    VRAM:     5980 MB
    Driver:   27.21.14.6231
Initialize mono
Mono path[0] = 'D:/Programs/Unity/2020.3.20f1/Editor/Data/Managed'
Mono path[1] = 'D:/Programs/Unity/2020.3.20f1/Editor/Data/MonoBleedingEdge/lib/mono/unityjit'
Mono config path = 'D:/Programs/Unity/2020.3.20f1/Editor/Data/MonoBleedingEdge/etc'
Using monoOptions --debugger-agent=transport=dt_socket,embedding=1,server=y,suspend=n,address=127.0.0.1:56228
Begin MonoManager ReloadAssembly
Registering precompiled unity dll's ...
Register platform support module: D:/Programs/Unity/2020.3.20f1/Editor/Data/PlaybackEngines/WindowsStandaloneSupport/UnityEditor.WindowsStandalone.Extensions.dll
Registered in 0.001534 seconds.
Native extension for WindowsStandalone target not found
Refreshing native plugins compatible for Editor in 45.99 ms, found 5 plugins.
Preloading 1 native plugins for Editor in 0.06 ms.
Mono: successfully reloaded assembly
- Completed reload, in  3.019 seconds
Domain Reload Profiling:
	ReloadAssembly (3019ms)
		BeginReloadAssembly (83ms)
			ExecutionOrderSort (0ms)
			DisableScriptedObjects (0ms)
			BackupInstance (0ms)
			ReleaseScriptingObjects (0ms)
			CreateAndSetChildDomain (1ms)
		EndReloadAssembly (531ms)
			LoadAssemblies (83ms)
			RebuildTransferFunctionScriptingTraits (1ms)
			SetupTypeCache (197ms)
			ReleaseScriptCaches (0ms)
			RebuildScriptCaches (37ms)
			SetupLoadedEditorAssemblies (191ms)
				LogAssemblyErrors (0ms)
				InitializePlatformSupportModulesInManaged (4ms)
				SetLoadedEditorAssemblies (1ms)
				RefreshPlugins (46ms)
				BeforeProcessingInitializeOnLoad (18ms)
				ProcessInitializeOnLoadAttributes (90ms)
				ProcessInitializeOnLoadMethodAttributes (32ms)
				AfterProcessingInitializeOnLoad (0ms)
				EditorAssembliesLoaded (0ms)
			ExecutionOrderSort2 (0ms)
			AwakeInstancesAfterBackupRestoration (0ms)
Platform modules already initialized, skipping
Registering precompiled user dll's ...
Registered in 0.003600 seconds.
Begin MonoManager ReloadAssembly
Native extension for WindowsStandalone target not found
Refreshing native plugins compatible for Editor in 40.82 ms, found 5 plugins.
Preloading 1 native plugins for Editor in 0.05 ms.
[XR] OculusXRPlugin: registering subsystems
[XR] Unable to register display lifecyle provider: [1]
[XR] Oculus Input lifecycle provider registered.
[XR] Unable to register input lifecyle provider: [1]
System.Reflection.TargetInvocationException: Exception has been thrown by the target of an invocation. ---> System.NullReferenceException: Object reference not set to an instance of an object
  at Unity.XR.Oculus.OculusLoader.AssetPathToAbsolutePath (System.String assetPath) [0x00048] in F:\UnityProjets\Comètes\Version 1\Comets\Comets\Library\PackageCache\com.unity.xr.oculus@1.10.0\Runtime\OculusLoader.cs:250 
  at Unity.XR.Oculus.OculusLoader.EditorLoadOVRPlugin () [0x0007b] in F:\UnityProjets\Comètes\Version 1\Comets\Comets\Library\PackageCache\com.unity.xr.oculus@1.10.0\Runtime\OculusLoader.cs:235 
  at (wrapper managed-to-native) System.Reflection.MonoMethod.InternalInvoke(System.Reflection.MonoMethod,object,object[],System.Exception&)
  at System.Reflection.MonoMethod.Invoke (System.Object obj, System.Reflection.BindingFlags invokeAttr, System.Reflection.Binder binder, System.Object[] parameters, System.Globalization.CultureInfo culture) [0x00032] in <695d1cc93cca45069c528c15c9fdd749>:0 
   --- End of inner exception stack trace ---
  at System.Reflection.MonoMethod.Invoke (System.Object obj, System.Reflection.BindingFlags invokeAttr, System.Reflection.Binder binder, System.Object[] parameters, System.Globalization.CultureInfo culture) [0x00048] in <695d1cc93cca45069c528c15c9fdd749>:0 
  at System.Reflection.MethodBase.Invoke (System.Object obj, System.Object[] parameters) [0x00000] in <695d1cc93cca45069c528c15c9fdd749>:0 
  at UnityEditor.EditorAssemblies.ProcessInitializeOnLoadMethodAttributes () [0x00047] in <83a38f5397d94e36a22efa3369c82390>:0 
UnityEngine.StackTraceUtility:ExtractStackTrace ()
UnityEngine.DebugLogHandler:LogFormat (UnityEngine.LogType,UnityEngine.Object,string,object[])
UnityEngine.Logger:Log (UnityEngine.LogType,object)
UnityEngine.Debug:LogError (object)
UnityEditor.EditorAssemblies:ProcessInitializeOnLoadMethodAttributes ()

Mono: successfully reloaded assembly
- Completed reload, in  1.318 seconds
Domain Reload Profiling:
	ReloadAssembly (1319ms)
		BeginReloadAssembly (190ms)
			ExecutionOrderSort (0ms)
			DisableScriptedObjects (4ms)
			BackupInstance (0ms)
			ReleaseScriptingObjects (0ms)
			CreateAndSetChildDomain (23ms)
		EndReloadAssembly (1066ms)
			LoadAssemblies (131ms)
			RebuildTransferFunctionScriptingTraits (0ms)
			SetupTypeCache (333ms)
			ReleaseScriptCaches (1ms)
			RebuildScriptCaches (53ms)
			SetupLoadedEditorAssemblies (429ms)
				LogAssemblyErrors (0ms)
				InitializePlatformSupportModulesInManaged (4ms)
				SetLoadedEditorAssemblies (0ms)
				RefreshPlugins (41ms)
				BeforeProcessingInitializeOnLoad (81ms)
				ProcessInitializeOnLoadAttributes (282ms)
				ProcessInitializeOnLoadMethodAttributes (19ms)
				AfterProcessingInitializeOnLoad (3ms)
				EditorAssembliesLoaded (0ms)
			ExecutionOrderSort2 (0ms)
			AwakeInstancesAfterBackupRestoration (8ms)
Platform modules already initialized, skipping
========================================================================
Worker process is ready to serve import requests
Launched and connected shader compiler UnityShaderCompiler.exe after 0.06 seconds
Refreshing native plugins compatible for Editor in 0.46 ms, found 5 plugins.
Preloading 1 native plugins for Editor in 0.05 ms.
Unloading 2130 Unused Serialized files (Serialized files now loaded: 0)
System memory in use before: 90.6 MB.
System memory in use after: 90.6 MB.

Unloading 21 unused Assets to reduce memory usage. Loaded Objects now: 2565.
Total: 2.968000 ms (FindLiveObjects: 0.193600 ms CreateObjectMapping: 0.074600 ms MarkObjects: 2.633100 ms  DeleteObjects: 0.065700 ms)

AssetImportParameters requested are different than current active one (requested -> active):
  custom:framework-win-MediaFoundation: 216162199b28c13a410421893ffa2e32 -> 
  custom:video-decoder-ogg-theora: a1e56fd34408186e4bbccfd4996cb3dc -> 
  custom:container-muxer-webm: aa71ff27fc2769a1b78a27578f13a17b -> 
  custom:container-demuxer-webm: 4f35f7cbe854078d1ac9338744f61a02 -> 
  custom:container-demuxer-ogg: 62fdf1f143b41e24485cea50d1cbac27 -> 
  custom:video-encoder-webm-vp8: eb34c28f22e8b96e1ab97ce403110664 -> 
  custom:video-codec-MediaFoundation-h265: 746d11721c4dcdbdad8f713fa42b33f4 -> 
  custom:video-decoder-webm-vp8: 9c59270c3fd7afecdb556c50c9e8de78 -> 
  custom:audio-decoder-ogg-vorbis: bf7c407c2cedff20999df2af8eb42d56 -> 
  custom:audio-encoder-webm-vorbis: bf7c407c2cedff20999df2af8eb42d56 -> 
========================================================================
Received Import Request.
  path: Assets/Samples/XR Interaction Toolkit/2.0.0-pre.7/Default Input Actions
  artifactKey: Guid(9c7785c05c7357142930c889bd9a602f) Importer(815301076,1909f56bfc062723c751e8b465ee728b)
Start importing Assets/Samples/XR Interaction Toolkit/2.0.0-pre.7/Default Input Actions using Guid(9c7785c05c7357142930c889bd9a602f) Importer(815301076,1909f56bfc062723c751e8b465ee728b)  -> (artifact id: '05cdc7bac4bccf01b7c13d72834b9de9') in 0.010144 seconds 
  Import took 0.013203 seconds .

========================================================================
Received Import Request.
  Time since last request: 36.731353 seconds.
  path: Assets/Samples/XR Interaction Toolkit/2.0.0-pre.7/Default Input Actions/XRI Default Left Controller.preset
  artifactKey: Guid(ffd8268f7307a0c48a067dad4a8fe060) Importer(815301076,1909f56bfc062723c751e8b465ee728b)
Start importing Assets/Samples/XR Interaction Toolkit/2.0.0-pre.7/Default Input Actions/XRI Default Left Controller.preset using Guid(ffd8268f7307a0c48a067dad4a8fe060) Importer(815301076,1909f56bfc062723c751e8b465ee728b)  -> (artifact id: 'b38b5808f862010cc71bf7941031987c') in 0.045533 seconds 
  Import took 0.048739 seconds .

========================================================================
Received Import Request.
  Time since last request: 19.913775 seconds.
  path: Assets/Samples/XR Interaction Toolkit/2.0.0-pre.7/Default Input Actions/XRI Default Right Controller.preset
  artifactKey: Guid(1421ad86ff3787b4dae70fe9e699a25f) Importer(815301076,1909f56bfc062723c751e8b465ee728b)
Start importing Assets/Samples/XR Interaction Toolkit/2.0.0-pre.7/Default Input Actions/XRI Default Right Controller.preset using Guid(1421ad86ff3787b4dae70fe9e699a25f) Importer(815301076,1909f56bfc062723c751e8b465ee728b)  -> (artifact id: '65125089cd0625cc6bab119de3db7aad') in 0.007144 seconds 
  Import took 0.010433 seconds .

========================================================================
Received Import Request.
  Time since last request: 16.771157 seconds.
  path: Assets/Samples/XR Interaction Toolkit/2.0.0-pre.7/Default Input Actions/XRI Default Snap Turn.preset
  artifactKey: Guid(18697d253d848974aa7052cba872c9f0) Importer(815301076,1909f56bfc062723c751e8b465ee728b)
Start importing Assets/Samples/XR Interaction Toolkit/2.0.0-pre.7/Default Input Actions/XRI Default Snap Turn.preset using Guid(18697d253d848974aa7052cba872c9f0) Importer(815301076,1909f56bfc062723c751e8b465ee728b)  -> (artifact id: '698c7e2c2901237432c76581133fb1f1') in 0.010392 seconds 
  Import took 0.013754 seconds .

========================================================================
Received Import Request.
  Time since last request: 2.163806 seconds.
  path: Assets/Samples/XR Interaction Toolkit/2.0.0-pre.7/Default Input Actions/XRI Default Continuous Turn.preset
  artifactKey: Guid(0caad3af14f9a414dbdf25ed41e5aa47) Importer(815301076,1909f56bfc062723c751e8b465ee728b)
Start importing Assets/Samples/XR Interaction Toolkit/2.0.0-pre.7/Default Input Actions/XRI Default Continuous Turn.preset using Guid(0caad3af14f9a414dbdf25ed41e5aa47) Importer(815301076,1909f56bfc062723c751e8b465ee728b)  -> (artifact id: '01e039f96452fb154a4fabce180b317f') in 0.008378 seconds 
  Import took 0.011689 seconds .

========================================================================
Received Import Request.
  Time since last request: 2.410026 seconds.
  path: Assets/Samples/XR Interaction Toolkit/2.0.0-pre.7/Default Input Actions/XRI Default Continuous Move.preset
  artifactKey: Guid(91f9da00cfdac5d49955df2d2d820b9c) Importer(815301076,1909f56bfc062723c751e8b465ee728b)
Start importing Assets/Samples/XR Interaction Toolkit/2.0.0-pre.7/Default Input Actions/XRI Default Continuous Move.preset using Guid(91f9da00cfdac5d49955df2d2d820b9c) Importer(815301076,1909f56bfc062723c751e8b465ee728b)  -> (artifact id: '7fbcd3ff63fcd09b3be425163d5c9845') in 0.007965 seconds 
  Import took 0.011100 seconds .

========================================================================
Received Import Request.
  Time since last request: 642.683070 seconds.
  path: Assets/Samples
  artifactKey: Guid(9965cde9b122a7844be2e4534ca978bb) Importer(815301076,1909f56bfc062723c751e8b465ee728b)
Start importing Assets/Samples using Guid(9965cde9b122a7844be2e4534ca978bb) Importer(815301076,1909f56bfc062723c751e8b465ee728b)  -> (artifact id: '2f33893167821dab4da9fd675ce9e1e4') in 0.004144 seconds 
  Import took 0.007933 seconds .

========================================================================
Received Import Request.
  Time since last request: 378.687131 seconds.
  path: Assets/Skull Platform
  artifactKey: Guid(225c3eac0408a37468ead5d93cd58b41) Importer(815301076,1909f56bfc062723c751e8b465ee728b)
Start importing Assets/Skull Platform using Guid(225c3eac0408a37468ead5d93cd58b41) Importer(815301076,1909f56bfc062723c751e8b465ee728b)  -> (artifact id: 'ec333e318a00b70aec6e11d275e8b2b1') in 0.004882 seconds 
  Import took 0.008650 seconds .

========================================================================
Received Import Request.
  Time since last request: 3.406903 seconds.
  path: Assets/Snow Mountain
  artifactKey: Guid(f4caad9b4e498544694cb27da417c6b9) Importer(815301076,1909f56bfc062723c751e8b465ee728b)
Start importing Assets/Snow Mountain using Guid(f4caad9b4e498544694cb27da417c6b9) Importer(815301076,1909f56bfc062723c751e8b465ee728b)  -> (artifact id: 'aa9ad3f487aa068283c309e3bc32ae3b') in 0.005243 seconds 
  Import took 0.009182 seconds .

========================================================================
Received Import Request.
  Time since last request: 1.752702 seconds.
  path: Assets/Snow Mountain/Prefab
  artifactKey: Guid(0de9d0709e0788d44b4abc266097343e) Importer(815301076,1909f56bfc062723c751e8b465ee728b)
Start importing Assets/Snow Mountain/Prefab using Guid(0de9d0709e0788d44b4abc266097343e) Importer(815301076,1909f56bfc062723c751e8b465ee728b)  -> (artifact id: '26e7a124d6b2d4423e83103fe719e2bf') in 0.005185 seconds 
  Import took 0.008260 seconds .

========================================================================
Received Import Request.
  Time since last request: 7.075518 seconds.
  path: Assets/Snow Mountain/Scenes
  artifactKey: Guid(76f2fc5deabb3054188fb48b7c079705) Importer(815301076,1909f56bfc062723c751e8b465ee728b)
Start importing Assets/Snow Mountain/Scenes using Guid(76f2fc5deabb3054188fb48b7c079705) Importer(815301076,1909f56bfc062723c751e8b465ee728b)  -> (artifact id: '6ed18afa63d675dceb293e99737a1e24') in 0.004624 seconds 
  Import took 0.007715 seconds .

========================================================================
Received Import Request.
  Time since last request: 1.569706 seconds.
  path: Assets/Snow Mountain/Scenes/SnowMountains.unity
  artifactKey: Guid(80a7b5808b43ae245bc2c97ce3cfc017) Importer(815301076,1909f56bfc062723c751e8b465ee728b)
Start importing Assets/Snow Mountain/Scenes/SnowMountains.unity using Guid(80a7b5808b43ae245bc2c97ce3cfc017) Importer(815301076,1909f56bfc062723c751e8b465ee728b)  -> (artifact id: 'a2ffde1c0b2de2c71368e2fd1c7ac38c') in 0.004693 seconds 
  Import took 0.007738 seconds .

========================================================================
Received Import Request.
  Time since last request: 67.941502 seconds.
  path: Assets/Snow Mountain/Materials
  artifactKey: Guid(7be242ed26867884e8e1077a68c5e69a) Importer(815301076,1909f56bfc062723c751e8b465ee728b)
Start importing Assets/Snow Mountain/Materials using Guid(7be242ed26867884e8e1077a68c5e69a) Importer(815301076,1909f56bfc062723c751e8b465ee728b)  -> (artifact id: 'd351429cb628093ecf18dbbbb1f1027d') in 8.833185 seconds 
  Import took 8.836292 seconds .

========================================================================
Received Import Request.
  Time since last request: 0.000251 seconds.
  path: Assets/Snow Mountain/Source/cubemap/003_Sunrise_SkyboxVol2.hdr
  artifactKey: Guid(9e6c5f0e069df4c47a3ffeb1ef4936bf) Importer(815301076,1909f56bfc062723c751e8b465ee728b)
Start importing Assets/Snow Mountain/Source/cubemap/003_Sunrise_SkyboxVol2.hdr using Guid(9e6c5f0e069df4c47a3ffeb1ef4936bf) Importer(815301076,1909f56bfc062723c751e8b465ee728b)  -> (artifact id: '17b1180d5d7c5a708e1782fc387997ef') in 0.127639 seconds 
  Import took 0.130726 seconds .

========================================================================
Received Import Request.
  Time since last request: 5.469953 seconds.
  path: Assets/Snow Mountain/Source
  artifactKey: Guid(3a689f68ef5301e4892040a7d40e8b67) Importer(815301076,1909f56bfc062723c751e8b465ee728b)
Start importing Assets/Snow Mountain/Source using Guid(3a689f68ef5301e4892040a7d40e8b67) Importer(815301076,1909f56bfc062723c751e8b465ee728b)  -> (artifact id: '7793a1c7cc85cb58285679ede7f25e98') in 0.005253 seconds 
  Import took 0.010325 seconds .

========================================================================
Received Import Request.
  Time since last request: 2.792669 seconds.
  path: Assets/Snow Mountain/Source/tga
  artifactKey: Guid(a47b29614bbccfd4a90250f062319aa0) Importer(815301076,1909f56bfc062723c751e8b465ee728b)
Start importing Assets/Snow Mountain/Source/tga using Guid(a47b29614bbccfd4a90250f062319aa0) Importer(815301076,1909f56bfc062723c751e8b465ee728b)  -> (artifact id: '2dc6d080e9b0497ef76225605c347578') in 0.004811 seconds 
  Import took 0.008020 seconds .

========================================================================
Received Import Request.
  Time since last request: 1.768520 seconds.
  path: Assets/Snow Mountain/Source/tga/mountain_Snow_000_Aldedo.tga
  artifactKey: Guid(1505f88752c96b943896f32982a5c39a) Importer(815301076,1909f56bfc062723c751e8b465ee728b)
Start importing Assets/Snow Mountain/Source/tga/mountain_Snow_000_Aldedo.tga using Guid(1505f88752c96b943896f32982a5c39a) Importer(815301076,1909f56bfc062723c751e8b465ee728b)  -> (artifact id: '0f5c2a314059753eeca73b8ffcd34f91') in 0.086168 seconds 
  Import took 0.089466 seconds .

========================================================================
Received Import Request.
  Time since last request: 9.831912 seconds.
  path: Assets/Scenes/SampleScene.unity
  artifactKey: Guid(9fc0d4010bbf28b4594072e72b8655ab) Importer(815301076,1909f56bfc062723c751e8b465ee728b)
Start importing Assets/Scenes/SampleScene.unity using Guid(9fc0d4010bbf28b4594072e72b8655ab) Importer(815301076,1909f56bfc062723c751e8b465ee728b)  -> (artifact id: '85059f4f9e1a832ed95adaa0d25c5c4c') in 0.004887 seconds 
  Import took 0.008539 seconds .

========================================================================
Received Import Request.
  Time since last request: 25.895088 seconds.
  path: Assets/Scenes/Fight.unity
  artifactKey: Guid(9fc0d4010bbf28b4594072e72b8655ab) Importer(815301076,1909f56bfc062723c751e8b465ee728b)
Start importing Assets/Scenes/Fight.unity using Guid(9fc0d4010bbf28b4594072e72b8655ab) Importer(815301076,1909f56bfc062723c751e8b465ee728b)  -> (artifact id: '59a5f55cfdbf2862762b350a1cc16305') in 0.005228 seconds 
  Import took 0.008987 seconds .

========================================================================
Received Import Request.
  Time since last request: 14.151081 seconds.
  path: Assets/Snow Mountain/Prefab/mountain_Snow_000.prefab
  artifactKey: Guid(a0caed2329b1ff545b145d48d6ef85d7) Importer(815301076,1909f56bfc062723c751e8b465ee728b)
Start importing Assets/Snow Mountain/Prefab/mountain_Snow_000.prefab using Guid(a0caed2329b1ff545b145d48d6ef85d7) Importer(815301076,1909f56bfc062723c751e8b465ee728b)  -> (artifact id: 'fde321fe221e8bf3a1a401c8f5daeb87') in 0.354424 seconds 
  Import took 0.357735 seconds .

========================================================================
Received Import Request.
  Time since last request: 235.591372 seconds.
  path: Assets/Scenes/Fight.unity
  artifactKey: Guid(9fc0d4010bbf28b4594072e72b8655ab) Importer(815301076,1909f56bfc062723c751e8b465ee728b)
Start importing Assets/Scenes/Fight.unity using Guid(9fc0d4010bbf28b4594072e72b8655ab) Importer(815301076,1909f56bfc062723c751e8b465ee728b)  -> (artifact id: 'ce1a495448f7ef1d580bb5be5ef7615f') in 0.004892 seconds 
  Import took 0.008786 seconds .

========================================================================
Received Import Request.
  Time since last request: 123.889679 seconds.
  path: Assets/Scenes/Fight.unity
  artifactKey: Guid(9fc0d4010bbf28b4594072e72b8655ab) Importer(815301076,1909f56bfc062723c751e8b465ee728b)
Start importing Assets/Scenes/Fight.unity using Guid(9fc0d4010bbf28b4594072e72b8655ab) Importer(815301076,1909f56bfc062723c751e8b465ee728b)  -> (artifact id: 'b6b32f0ca7f49988e2da897f7e5801f0') in 0.005298 seconds 
  Import took 0.009883 seconds .

========================================================================
Received Import Request.
  Time since last request: 963.565453 seconds.
  path: Assets/Samples/XR Interaction Toolkit/2.0.0-pre.7/Default Input Actions/XRI Default Input Actions.inputactions
  artifactKey: Guid(c348712bda248c246b8c49b3db54643f) Importer(815301076,1909f56bfc062723c751e8b465ee728b)
Start importing Assets/Samples/XR Interaction Toolkit/2.0.0-pre.7/Default Input Actions/XRI Default Input Actions.inputactions using Guid(c348712bda248c246b8c49b3db54643f) Importer(815301076,1909f56bfc062723c751e8b465ee728b)  -> (artifact id: '670d601190d6af6e8acbc886cfeb4a85') in 0.020321 seconds 
  Import took 0.024758 seconds .

